<?xml version="1.0" encoding="UTF-8" ?>
<testsuite tests="31" failures="0" name="runner.RunnerTest" time="0.047" errors="4" skipped="5">
  <properties>
[...]
</properties>
  <testcase classname="Scenario: verify produt search using firefox Driver" name="Given I am on Carguruji site on &quot;firefox&quot;" time="0.008"/>
  <testcase classname="Scenario: verify produt search using firefox Driver" name="When I logged in the site with &quot;bfatogun@yahoo.com&quot; and &quot;sonsofgod&quot;" time="0"/>
  <testcase classname="Scenario: verify produt search using firefox Driver" name="Then I verify my account title text as &quot;ACCOUNT&quot;" time="0"/>
  <testcase classname="Scenario: verify produt search using firefox Driver" name="And I search for desired product as &quot;blouse&quot;" time="0"/>
  <testcase classname="Scenario: verify produt search using firefox Driver" name="Then I click to make product search" time="0.006">
    <error message="java.lang.reflect.InvocationTargetException" type="java.lang.RuntimeException">java.lang.RuntimeException: java.lang.reflect.InvocationTargetException
	at org.openqa.selenium.support.PageFactory.instantiatePage(PageFactory.java:138)
	at org.openqa.selenium.support.PageFactory.initElements(PageFactory.java:64)
	at stepDefination.ProductSearchStepTest.i_click_to_make_product_search(ProductSearchStepTest.java:88)
	at ✽.Then I click to make product search(mutipleBrowserSearch.feature:11)
Caused by: java.lang.reflect.InvocationTargetException
	at sun.reflect.NativeConstructorAccessorImpl.newInstance0(Native Method)
	at sun.reflect.NativeConstructorAccessorImpl.newInstance(NativeConstructorAccessorImpl.java:62)
	at sun.reflect.DelegatingConstructorAccessorImpl.newInstance(DelegatingConstructorAccessorImpl.java:45)
	at java.lang.reflect.Constructor.newInstance(Constructor.java:423)
	at org.openqa.selenium.support.PageFactory.instantiatePage(PageFactory.java:129)
	at org.openqa.selenium.support.PageFactory.initElements(PageFactory.java:64)
	at stepDefination.ProductSearchStepTest.i_click_to_make_product_search(ProductSearchStepTest.java:88)
	at sun.reflect.NativeMethodAccessorImpl.invoke0(Native Method)
	at sun.reflect.NativeMethodAccessorImpl.invoke(NativeMethodAccessorImpl.java:62)
	at sun.reflect.DelegatingMethodAccessorImpl.invoke(DelegatingMethodAccessorImpl.java:43)
	at java.lang.reflect.Method.invoke(Method.java:498)
	at cucumber.runtime.Utils$1.call(Utils.java:40)
	at cucumber.runtime.Timeout.timeout(Timeout.java:16)
	at cucumber.runtime.Utils.invoke(Utils.java:34)
	at cucumber.runtime.java.JavaStepDefinition.execute(JavaStepDefinition.java:38)
	at cucumber.runtime.StepDefinitionMatch.runStep(StepDefinitionMatch.java:37)
	at cucumber.runtime.Runtime.runStep(Runtime.java:300)
	at cucumber.runtime.model.StepContainer.runStep(StepContainer.java:44)
	at cucumber.runtime.model.StepContainer.runSteps(StepContainer.java:39)
	at cucumber.runtime.model.CucumberScenario.run(CucumberScenario.java:44)
	at cucumber.runtime.junit.ExecutionUnitRunner.run(ExecutionUnitRunner.java:102)
	at cucumber.runtime.junit.FeatureRunner.runChild(FeatureRunner.java:63)
	at cucumber.runtime.junit.FeatureRunner.runChild(FeatureRunner.java:18)
	at org.junit.runners.ParentRunner$4.run(ParentRunner.java:331)
	at org.junit.runners.ParentRunner$1.schedule(ParentRunner.java:79)
	at org.junit.runners.ParentRunner.runChildren(ParentRunner.java:329)
	at org.junit.runners.ParentRunner.access$100(ParentRunner.java:66)
	at org.junit.runners.ParentRunner$2.evaluate(ParentRunner.java:293)
	at org.junit.runners.ParentRunner$3.evaluate(ParentRunner.java:306)
	at org.junit.runners.ParentRunner.run(ParentRunner.java:413)
	at cucumber.runtime.junit.FeatureRunner.run(FeatureRunner.java:70)
	at cucumber.api.junit.Cucumber.runChild(Cucumber.java:95)
	at cucumber.api.junit.Cucumber.runChild(Cucumber.java:38)
	at org.junit.runners.ParentRunner$4.run(ParentRunner.java:331)
	at org.junit.runners.ParentRunner$1.schedule(ParentRunner.java:79)
	at org.junit.runners.ParentRunner.runChildren(ParentRunner.java:329)
	at org.junit.runners.ParentRunner.access$100(ParentRunner.java:66)
	at org.junit.runners.ParentRunner$2.evaluate(ParentRunner.java:293)
	at org.junit.runners.ParentRunner$3.evaluate(ParentRunner.java:306)
	at org.junit.runners.ParentRunner.run(ParentRunner.java:413)
	at cucumber.api.junit.Cucumber.run(Cucumber.java:100)
	at org.apache.maven.surefire.junit4.JUnit4Provider.execute(JUnit4Provider.java:252)
	at org.apache.maven.surefire.junit4.JUnit4Provider.executeTestSet(JUnit4Provider.java:141)
	at org.apache.maven.surefire.junit4.JUnit4Provider.invoke(JUnit4Provider.java:112)
	at sun.reflect.NativeMethodAccessorImpl.invoke0(Native Method)
	at sun.reflect.NativeMethodAccessorImpl.invoke(NativeMethodAccessorImpl.java:62)
	at sun.reflect.DelegatingMethodAccessorImpl.invoke(DelegatingMethodAccessorImpl.java:43)
	at java.lang.reflect.Method.invoke(Method.java:498)
	at org.apache.maven.surefire.util.ReflectionUtils.invokeMethodWithArray(ReflectionUtils.java:189)
	at org.apache.maven.surefire.booter.ProviderFactory$ProviderProxy.invoke(ProviderFactory.java:165)
	at org.apache.maven.surefire.booter.ProviderFactory.invokeProvider(ProviderFactory.java:85)
	at org.apache.maven.surefire.booter.ForkedBooter.runSuitesInProcess(ForkedBooter.java:115)
	at org.apache.maven.surefire.booter.ForkedBooter.main(ForkedBooter.java:75)
Caused by: java.lang.NullPointerException
	at java.util.Objects.requireNonNull(Objects.java:203)
	at org.openqa.selenium.support.ui.FluentWait.&lt;init&gt;(FluentWait.java:106)
	at org.openqa.selenium.support.ui.WebDriverWait.&lt;init&gt;(WebDriverWait.java:85)
	at org.openqa.selenium.support.ui.WebDriverWait.&lt;init&gt;(WebDriverWait.java:45)
	at com.pageObjects.BaseClass.&lt;init&gt;(BaseClass.java:18)
	at com.pageObjects.HomePage.&lt;init&gt;(HomePage.java:23)
	... 53 more
</error>
  </testcase>
  <testcase classname="Scenario: verify produt search using firefox Driver" name="Scenario: verify produt search using firefox Driver" time="0.007">
    <error message="java.lang.reflect.InvocationTargetException" type="java.lang.RuntimeException">java.lang.RuntimeException: java.lang.reflect.InvocationTargetException
	at org.openqa.selenium.support.PageFactory.instantiatePage(PageFactory.java:138)
	at org.openqa.selenium.support.PageFactory.initElements(PageFactory.java:64)
	at stepDefination.ProductSearchStepTest.i_click_to_make_product_search(ProductSearchStepTest.java:88)
	at ✽.Then I click to make product search(mutipleBrowserSearch.feature:11)
Caused by: java.lang.reflect.InvocationTargetException
	at sun.reflect.NativeConstructorAccessorImpl.newInstance0(Native Method)
	at sun.reflect.NativeConstructorAccessorImpl.newInstance(NativeConstructorAccessorImpl.java:62)
	at sun.reflect.DelegatingConstructorAccessorImpl.newInstance(DelegatingConstructorAccessorImpl.java:45)
	at java.lang.reflect.Constructor.newInstance(Constructor.java:423)
	at org.openqa.selenium.support.PageFactory.instantiatePage(PageFactory.java:129)
	at org.openqa.selenium.support.PageFactory.initElements(PageFactory.java:64)
	at stepDefination.ProductSearchStepTest.i_click_to_make_product_search(ProductSearchStepTest.java:88)
	at sun.reflect.NativeMethodAccessorImpl.invoke0(Native Method)
	at sun.reflect.NativeMethodAccessorImpl.invoke(NativeMethodAccessorImpl.java:62)
	at sun.reflect.DelegatingMethodAccessorImpl.invoke(DelegatingMethodAccessorImpl.java:43)
	at java.lang.reflect.Method.invoke(Method.java:498)
	at cucumber.runtime.Utils$1.call(Utils.java:40)
	at cucumber.runtime.Timeout.timeout(Timeout.java:16)
	at cucumber.runtime.Utils.invoke(Utils.java:34)
	at cucumber.runtime.java.JavaStepDefinition.execute(JavaStepDefinition.java:38)
	at cucumber.runtime.StepDefinitionMatch.runStep(StepDefinitionMatch.java:37)
	at cucumber.runtime.Runtime.runStep(Runtime.java:300)
	at cucumber.runtime.model.StepContainer.runStep(StepContainer.java:44)
	at cucumber.runtime.model.StepContainer.runSteps(StepContainer.java:39)
	at cucumber.runtime.model.CucumberScenario.run(CucumberScenario.java:44)
	at cucumber.runtime.junit.ExecutionUnitRunner.run(ExecutionUnitRunner.java:102)
	at cucumber.runtime.junit.FeatureRunner.runChild(FeatureRunner.java:63)
	at cucumber.runtime.junit.FeatureRunner.runChild(FeatureRunner.java:18)
	at org.junit.runners.ParentRunner$4.run(ParentRunner.java:331)
	at org.junit.runners.ParentRunner$1.schedule(ParentRunner.java:79)
	at org.junit.runners.ParentRunner.runChildren(ParentRunner.java:329)
	at org.junit.runners.ParentRunner.access$100(ParentRunner.java:66)
	at org.junit.runners.ParentRunner$2.evaluate(ParentRunner.java:293)
	at org.junit.runners.ParentRunner$3.evaluate(ParentRunner.java:306)
	at org.junit.runners.ParentRunner.run(ParentRunner.java:413)
	at cucumber.runtime.junit.FeatureRunner.run(FeatureRunner.java:70)
	at cucumber.api.junit.Cucumber.runChild(Cucumber.java:95)
	at cucumber.api.junit.Cucumber.runChild(Cucumber.java:38)
	at org.junit.runners.ParentRunner$4.run(ParentRunner.java:331)
	at org.junit.runners.ParentRunner$1.schedule(ParentRunner.java:79)
	at org.junit.runners.ParentRunner.runChildren(ParentRunner.java:329)
	at org.junit.runners.ParentRunner.access$100(ParentRunner.java:66)
	at org.junit.runners.ParentRunner$2.evaluate(ParentRunner.java:293)
	at org.junit.runners.ParentRunner$3.evaluate(ParentRunner.java:306)
	at org.junit.runners.ParentRunner.run(ParentRunner.java:413)
	at cucumber.api.junit.Cucumber.run(Cucumber.java:100)
	at org.apache.maven.surefire.junit4.JUnit4Provider.execute(JUnit4Provider.java:252)
	at org.apache.maven.surefire.junit4.JUnit4Provider.executeTestSet(JUnit4Provider.java:141)
	at org.apache.maven.surefire.junit4.JUnit4Provider.invoke(JUnit4Provider.java:112)
	at sun.reflect.NativeMethodAccessorImpl.invoke0(Native Method)
	at sun.reflect.NativeMethodAccessorImpl.invoke(NativeMethodAccessorImpl.java:62)
	at sun.reflect.DelegatingMethodAccessorImpl.invoke(DelegatingMethodAccessorImpl.java:43)
	at java.lang.reflect.Method.invoke(Method.java:498)
	at org.apache.maven.surefire.util.ReflectionUtils.invokeMethodWithArray(ReflectionUtils.java:189)
	at org.apache.maven.surefire.booter.ProviderFactory$ProviderProxy.invoke(ProviderFactory.java:165)
	at org.apache.maven.surefire.booter.ProviderFactory.invokeProvider(ProviderFactory.java:85)
	at org.apache.maven.surefire.booter.ForkedBooter.runSuitesInProcess(ForkedBooter.java:115)
	at org.apache.maven.surefire.booter.ForkedBooter.main(ForkedBooter.java:75)
Caused by: java.lang.NullPointerException
	at java.util.Objects.requireNonNull(Objects.java:203)
	at org.openqa.selenium.support.ui.FluentWait.&lt;init&gt;(FluentWait.java:106)
	at org.openqa.selenium.support.ui.WebDriverWait.&lt;init&gt;(WebDriverWait.java:85)
	at org.openqa.selenium.support.ui.WebDriverWait.&lt;init&gt;(WebDriverWait.java:45)
	at com.pageObjects.BaseClass.&lt;init&gt;(BaseClass.java:18)
	at com.pageObjects.HomePage.&lt;init&gt;(HomePage.java:23)
	... 53 more
</error>
  </testcase>
  <testcase classname="Scenario: verify produt search using firefox Driver" name="Then I verifyed the serched product  &quot;verifyProduct&quot;" time="0.007">
    <skipped/>
  </testcase>
  <testcase classname="Scenario: test" name="Given I am on Carguruji web site on &quot;chrome&quot;" time="0"/>
  <testcase classname="Scenario: test" name="When I logged into the site with &quot;bfatogun@yahoo.com&quot; and &quot;sonsofgod&quot;" time="0"/>
  <testcase classname="Scenario: test" name="Then I verify my account title text for &quot;ACCOUNT&quot;" time="0"/>
  <testcase classname="Scenario: test" name="Then I click  whish list link" time="0"/>
  <testcase classname="Scenario: test" name="And I named the whish item" time="0"/>
  <testcase classname="Scenario: test" name="And I clicked to  save button" time="0"/>
  <testcase classname="Scenario: test" name="Then I deleted the saved  item" time="0"/>
  <testcase classname="Scenario: test" name="Scenario: test" time="0"/>
  <testcase classname="| chrome | Contact us - CarGuruji Shop | bfatogun@yahoo.com | sonsofgod | ACCOUNT | blouse | BLOUSE |" name="Given I am on Carguruji on &quot;chrome&quot; browser" time="0"/>
  <testcase classname="| chrome | Contact us - CarGuruji Shop | bfatogun@yahoo.com | sonsofgod | ACCOUNT | blouse | BLOUSE |" name="Then I coud vrify the page tile as &quot;Contact us - CarGuruji Shop&quot;" time="0"/>
  <testcase classname="| chrome | Contact us - CarGuruji Shop | bfatogun@yahoo.com | sonsofgod | ACCOUNT | blouse | BLOUSE |" name="When I logged in the site with user name as &quot;bfatogun@yahoo.com&quot; password as &quot;sonsofgod&quot;" time="0.001">
    <error message="no such element: Unable to locate element: {&quot;method&quot;:&quot;css selector&quot;,&quot;selector&quot;:&quot;#email&quot;}
  (Session info: chrome=80.0.3987.163)
For documentation on this error, please visit: https://www.seleniumhq.org/exceptions/no_such_element.html
Build info: version: &apos;3.141.59&apos;, revision: &apos;e82be7d358&apos;, time: &apos;2018-11-14T08:17:03&apos;
System info: host: &apos;DESKTOP-IREDREU&apos;, ip: &apos;192.168.99.1&apos;, os.name: &apos;Windows 10&apos;, os.arch: &apos;amd64&apos;, os.version: &apos;10.0&apos;, java.version: &apos;1.8.0_211&apos;
Driver info: org.openqa.selenium.chrome.ChromeDriver
Capabilities {acceptInsecureCerts: false, browserName: chrome, browserVersion: 80.0.3987.163, chrome: {chromedriverVersion: 80.0.3987.106 (f68069574609..., userDataDir: C:\Users\mrmra\AppData\Loca...}, goog:chromeOptions: {debuggerAddress: localhost:54497}, javascriptEnabled: true, networkConnectionEnabled: false, pageLoadStrategy: normal, platform: WINDOWS, platformName: WINDOWS, proxy: Proxy(), setWindowRect: true, strictFileInteractability: false, timeouts: {implicit: 0, pageLoad: 300000, script: 30000}, unhandledPromptBehavior: dismiss and notify}
Session ID: cbc38a8805c9b019ec4fcb5862ba89bc
*** Element info: {Using=id, value=email}" type="org.openqa.selenium.NoSuchElementException">org.openqa.selenium.NoSuchElementException: no such element: Unable to locate element: {&quot;method&quot;:&quot;css selector&quot;,&quot;selector&quot;:&quot;#email&quot;}
  (Session info: chrome=80.0.3987.163)
For documentation on this error, please visit: https://www.seleniumhq.org/exceptions/no_such_element.html
Build info: version: &apos;3.141.59&apos;, revision: &apos;e82be7d358&apos;, time: &apos;2018-11-14T08:17:03&apos;
System info: host: &apos;DESKTOP-IREDREU&apos;, ip: &apos;192.168.99.1&apos;, os.name: &apos;Windows 10&apos;, os.arch: &apos;amd64&apos;, os.version: &apos;10.0&apos;, java.version: &apos;1.8.0_211&apos;
Driver info: org.openqa.selenium.chrome.ChromeDriver
Capabilities {acceptInsecureCerts: false, browserName: chrome, browserVersion: 80.0.3987.163, chrome: {chromedriverVersion: 80.0.3987.106 (f68069574609..., userDataDir: C:\Users\mrmra\AppData\Loca...}, goog:chromeOptions: {debuggerAddress: localhost:54497}, javascriptEnabled: true, networkConnectionEnabled: false, pageLoadStrategy: normal, platform: WINDOWS, platformName: WINDOWS, proxy: Proxy(), setWindowRect: true, strictFileInteractability: false, timeouts: {implicit: 0, pageLoad: 300000, script: 30000}, unhandledPromptBehavior: dismiss and notify}
Session ID: cbc38a8805c9b019ec4fcb5862ba89bc
*** Element info: {Using=id, value=email}
	at sun.reflect.NativeConstructorAccessorImpl.newInstance0(Native Method)
	at sun.reflect.NativeConstructorAccessorImpl.newInstance(NativeConstructorAccessorImpl.java:62)
	at sun.reflect.DelegatingConstructorAccessorImpl.newInstance(DelegatingConstructorAccessorImpl.java:45)
	at java.lang.reflect.Constructor.newInstance(Constructor.java:423)
	at org.openqa.selenium.remote.http.W3CHttpResponseCodec.createException(W3CHttpResponseCodec.java:187)
	at org.openqa.selenium.remote.http.W3CHttpResponseCodec.decode(W3CHttpResponseCodec.java:122)
	at org.openqa.selenium.remote.http.W3CHttpResponseCodec.decode(W3CHttpResponseCodec.java:49)
	at org.openqa.selenium.remote.HttpCommandExecutor.execute(HttpCommandExecutor.java:158)
	at org.openqa.selenium.remote.service.DriverCommandExecutor.execute(DriverCommandExecutor.java:83)
	at org.openqa.selenium.remote.RemoteWebDriver.execute(RemoteWebDriver.java:552)
	at org.openqa.selenium.remote.RemoteWebDriver.findElement(RemoteWebDriver.java:323)
	at org.openqa.selenium.remote.RemoteWebDriver.findElementById(RemoteWebDriver.java:372)
	at org.openqa.selenium.By$ById.findElement(By.java:188)
	at org.openqa.selenium.remote.RemoteWebDriver.findElement(RemoteWebDriver.java:315)
	at org.openqa.selenium.support.pagefactory.DefaultElementLocator.findElement(DefaultElementLocator.java:69)
	at org.openqa.selenium.support.pagefactory.internal.LocatingElementHandler.invoke(LocatingElementHandler.java:38)
	at com.sun.proxy.$Proxy17.sendKeys(Unknown Source)
	at com.pageObjects.LoginPage.populateLoginBox(LoginPage.java:25)
	at stepDefination.ProductSearchStepTest.i_logged_in_the_site_with_user_name_as_password_as(ProductSearchStepTest.java:65)
	at ✽.When I logged in the site with user name as &quot;bfatogun@yahoo.com&quot; password as &quot;sonsofgod&quot;(productSearch.feature:10)
</error>
  </testcase>
  <testcase classname="| chrome | Contact us - CarGuruji Shop | bfatogun@yahoo.com | sonsofgod | ACCOUNT | blouse | BLOUSE |" name="| chrome | Contact us - CarGuruji Shop | bfatogun@yahoo.com | sonsofgod | ACCOUNT | blouse | BLOUSE |" time="0.002">
    <error message="no such element: Unable to locate element: {&quot;method&quot;:&quot;css selector&quot;,&quot;selector&quot;:&quot;#email&quot;}
  (Session info: chrome=80.0.3987.163)
For documentation on this error, please visit: https://www.seleniumhq.org/exceptions/no_such_element.html
Build info: version: &apos;3.141.59&apos;, revision: &apos;e82be7d358&apos;, time: &apos;2018-11-14T08:17:03&apos;
System info: host: &apos;DESKTOP-IREDREU&apos;, ip: &apos;192.168.99.1&apos;, os.name: &apos;Windows 10&apos;, os.arch: &apos;amd64&apos;, os.version: &apos;10.0&apos;, java.version: &apos;1.8.0_211&apos;
Driver info: org.openqa.selenium.chrome.ChromeDriver
Capabilities {acceptInsecureCerts: false, browserName: chrome, browserVersion: 80.0.3987.163, chrome: {chromedriverVersion: 80.0.3987.106 (f68069574609..., userDataDir: C:\Users\mrmra\AppData\Loca...}, goog:chromeOptions: {debuggerAddress: localhost:54497}, javascriptEnabled: true, networkConnectionEnabled: false, pageLoadStrategy: normal, platform: WINDOWS, platformName: WINDOWS, proxy: Proxy(), setWindowRect: true, strictFileInteractability: false, timeouts: {implicit: 0, pageLoad: 300000, script: 30000}, unhandledPromptBehavior: dismiss and notify}
Session ID: cbc38a8805c9b019ec4fcb5862ba89bc
*** Element info: {Using=id, value=email}" type="org.openqa.selenium.NoSuchElementException">org.openqa.selenium.NoSuchElementException: no such element: Unable to locate element: {&quot;method&quot;:&quot;css selector&quot;,&quot;selector&quot;:&quot;#email&quot;}
  (Session info: chrome=80.0.3987.163)
For documentation on this error, please visit: https://www.seleniumhq.org/exceptions/no_such_element.html
Build info: version: &apos;3.141.59&apos;, revision: &apos;e82be7d358&apos;, time: &apos;2018-11-14T08:17:03&apos;
System info: host: &apos;DESKTOP-IREDREU&apos;, ip: &apos;192.168.99.1&apos;, os.name: &apos;Windows 10&apos;, os.arch: &apos;amd64&apos;, os.version: &apos;10.0&apos;, java.version: &apos;1.8.0_211&apos;
Driver info: org.openqa.selenium.chrome.ChromeDriver
Capabilities {acceptInsecureCerts: false, browserName: chrome, browserVersion: 80.0.3987.163, chrome: {chromedriverVersion: 80.0.3987.106 (f68069574609..., userDataDir: C:\Users\mrmra\AppData\Loca...}, goog:chromeOptions: {debuggerAddress: localhost:54497}, javascriptEnabled: true, networkConnectionEnabled: false, pageLoadStrategy: normal, platform: WINDOWS, platformName: WINDOWS, proxy: Proxy(), setWindowRect: true, strictFileInteractability: false, timeouts: {implicit: 0, pageLoad: 300000, script: 30000}, unhandledPromptBehavior: dismiss and notify}
Session ID: cbc38a8805c9b019ec4fcb5862ba89bc
*** Element info: {Using=id, value=email}
	at sun.reflect.NativeConstructorAccessorImpl.newInstance0(Native Method)
	at sun.reflect.NativeConstructorAccessorImpl.newInstance(NativeConstructorAccessorImpl.java:62)
	at sun.reflect.DelegatingConstructorAccessorImpl.newInstance(DelegatingConstructorAccessorImpl.java:45)
	at java.lang.reflect.Constructor.newInstance(Constructor.java:423)
	at org.openqa.selenium.remote.http.W3CHttpResponseCodec.createException(W3CHttpResponseCodec.java:187)
	at org.openqa.selenium.remote.http.W3CHttpResponseCodec.decode(W3CHttpResponseCodec.java:122)
	at org.openqa.selenium.remote.http.W3CHttpResponseCodec.decode(W3CHttpResponseCodec.java:49)
	at org.openqa.selenium.remote.HttpCommandExecutor.execute(HttpCommandExecutor.java:158)
	at org.openqa.selenium.remote.service.DriverCommandExecutor.execute(DriverCommandExecutor.java:83)
	at org.openqa.selenium.remote.RemoteWebDriver.execute(RemoteWebDriver.java:552)
	at org.openqa.selenium.remote.RemoteWebDriver.findElement(RemoteWebDriver.java:323)
	at org.openqa.selenium.remote.RemoteWebDriver.findElementById(RemoteWebDriver.java:372)
	at org.openqa.selenium.By$ById.findElement(By.java:188)
	at org.openqa.selenium.remote.RemoteWebDriver.findElement(RemoteWebDriver.java:315)
	at org.openqa.selenium.support.pagefactory.DefaultElementLocator.findElement(DefaultElementLocator.java:69)
	at org.openqa.selenium.support.pagefactory.internal.LocatingElementHandler.invoke(LocatingElementHandler.java:38)
	at com.sun.proxy.$Proxy17.sendKeys(Unknown Source)
	at com.pageObjects.LoginPage.populateLoginBox(LoginPage.java:25)
	at stepDefination.ProductSearchStepTest.i_logged_in_the_site_with_user_name_as_password_as(ProductSearchStepTest.java:65)
	at ✽.When I logged in the site with user name as &quot;bfatogun@yahoo.com&quot; password as &quot;sonsofgod&quot;(productSearch.feature:10)
</error>
  </testcase>
  <testcase classname="| chrome | Contact us - CarGuruji Shop | bfatogun@yahoo.com | sonsofgod | ACCOUNT | blouse | BLOUSE |" name="Then I verify my  account title text as &quot;ACCOUNT&quot;" time="0.003">
    <skipped/>
  </testcase>
  <testcase classname="| chrome | Contact us - CarGuruji Shop | bfatogun@yahoo.com | sonsofgod | ACCOUNT | blouse | BLOUSE |" name="And I search for desired product as  &quot;blouse&quot;" time="0.004">
    <skipped/>
  </testcase>
  <testcase classname="| chrome | Contact us - CarGuruji Shop | bfatogun@yahoo.com | sonsofgod | ACCOUNT | blouse | BLOUSE |" name="Then I click to make product search" time="0.004">
    <skipped/>
  </testcase>
  <testcase classname="| chrome | Contact us - CarGuruji Shop | bfatogun@yahoo.com | sonsofgod | ACCOUNT | blouse | BLOUSE |" name="Then I verifyed the serched product as &quot;BLOUSE&quot;" time="0.005">
    <skipped/>
  </testcase>
  <testcase classname="| firefox | Contact us - CarGuruji Shop | bfatogun@yahoo.com | sonsofgod | ACCOUNT | blouse | BLOUSE |" name="Given I am on Carguruji on &quot;firefox&quot; browser" time="0"/>
  <testcase classname="| firefox | Contact us - CarGuruji Shop | bfatogun@yahoo.com | sonsofgod | ACCOUNT | blouse | BLOUSE |" name="Then I coud vrify the page tile as &quot;Contact us - CarGuruji Shop&quot;" time="0"/>
  <testcase classname="| firefox | Contact us - CarGuruji Shop | bfatogun@yahoo.com | sonsofgod | ACCOUNT | blouse | BLOUSE |" name="When I logged in the site with user name as &quot;bfatogun@yahoo.com&quot; password as &quot;sonsofgod&quot;" time="0"/>
  <testcase classname="| firefox | Contact us - CarGuruji Shop | bfatogun@yahoo.com | sonsofgod | ACCOUNT | blouse | BLOUSE |" name="Then I verify my  account title text as &quot;ACCOUNT&quot;" time="0"/>
  <testcase classname="| firefox | Contact us - CarGuruji Shop | bfatogun@yahoo.com | sonsofgod | ACCOUNT | blouse | BLOUSE |" name="And I search for desired product as  &quot;blouse&quot;" time="0"/>
  <testcase classname="| firefox | Contact us - CarGuruji Shop | bfatogun@yahoo.com | sonsofgod | ACCOUNT | blouse | BLOUSE |" name="Then I click to make product search" time="0"/>
  <testcase classname="| firefox | Contact us - CarGuruji Shop | bfatogun@yahoo.com | sonsofgod | ACCOUNT | blouse | BLOUSE |" name="Then I verifyed the serched product as &quot;BLOUSE&quot;" time="0"/>
  <testcase classname="| firefox | Contact us - CarGuruji Shop | bfatogun@yahoo.com | sonsofgod | ACCOUNT | blouse | BLOUSE |" name="| firefox | Contact us - CarGuruji Shop | bfatogun@yahoo.com | sonsofgod | ACCOUNT | blouse | BLOUSE |" time="0"/>
</testsuite>